---------------------------------------------
txt ROUGE-1 Average_R: 0.23876 ( 95%-conf.int. 0.22064 - 0.25573)
txt ROUGE-1 Average_P: 0.31810 ( 95%-conf.int. 0.29565 - 0.34139)
txt ROUGE-1 Average_F: 0.27102 ( 95%-conf.int. 0.25146 - 0.28941)
.............................................
txt ROUGE-1 Eval D0901-A.M.100.A.txt R:0.27419 P:0.31481 F:0.29310
txt ROUGE-1 Eval D0902-A.M.100.A.txt R:0.19000 P:0.25676 F:0.21839
txt ROUGE-1 Eval D0903-A.M.100.A.txt R:0.18533 P:0.31579 F:0.23358
txt ROUGE-1 Eval D0904-A.M.100.A.txt R:0.28090 P:0.36058 F:0.31579
txt ROUGE-1 Eval D0905-A.M.100.A.txt R:0.20435 P:0.27326 F:0.23383
txt ROUGE-1 Eval D0906-A.M.100.B.txt R:0.17717 P:0.22059 F:0.19651
txt ROUGE-1 Eval D0907-A.M.100.B.txt R:0.20601 P:0.35294 F:0.26016
txt ROUGE-1 Eval D0908-A.M.100.B.txt R:0.27511 P:0.35795 F:0.31111
txt ROUGE-1 Eval D0909-A.M.100.B.txt R:0.20312 P:0.28261 F:0.23636
txt ROUGE-1 Eval D0910-A.M.100.B.txt R:0.23874 P:0.33125 F:0.27749
txt ROUGE-1 Eval D0911-A.M.100.C.txt R:0.29048 P:0.28774 F:0.28910
txt ROUGE-1 Eval D0912-A.M.100.C.txt R:0.28507 P:0.36628 F:0.32061
txt ROUGE-1 Eval D0913-A.M.100.C.txt R:0.23223 P:0.25000 F:0.24079
txt ROUGE-1 Eval D0914-A.M.100.C.txt R:0.23707 P:0.33537 F:0.27778
txt ROUGE-1 Eval D0915-A.M.100.C.txt R:0.21545 P:0.36806 F:0.27180
txt ROUGE-1 Eval D0916-A.M.100.C.txt R:0.25000 P:0.29787 F:0.27184
txt ROUGE-1 Eval D0917-A.M.100.C.txt R:0.24887 P:0.25463 F:0.25172
txt ROUGE-1 Eval D0918-A.M.100.D.txt R:0.20346 P:0.25000 F:0.22434
txt ROUGE-1 Eval D0919-A.M.100.D.txt R:0.26522 P:0.38125 F:0.31282
txt ROUGE-1 Eval D0920-A.M.100.D.txt R:0.34529 P:0.44767 F:0.38987
txt ROUGE-1 Eval D0921-A.M.100.D.txt R:0.20889 P:0.25543 F:0.22983
txt ROUGE-1 Eval D0922-A.M.100.D.txt R:0.10612 P:0.28261 F:0.15430
txt ROUGE-1 Eval D0923-A.M.100.D.txt R:0.20165 P:0.29878 F:0.24079
txt ROUGE-1 Eval D0924-A.M.100.D.txt R:0.26230 P:0.41026 F:0.32000
txt ROUGE-1 Eval D0925-A.M.100.E.txt R:0.35526 P:0.43085 F:0.38942
txt ROUGE-1 Eval D0926-A.M.100.E.txt R:0.09390 P:0.10000 F:0.09685
txt ROUGE-1 Eval D0927-A.M.100.E.txt R:0.26087 P:0.32143 F:0.28800
txt ROUGE-1 Eval D0928-A.M.100.E.txt R:0.30667 P:0.43125 F:0.35844
txt ROUGE-1 Eval D0929-A.M.100.E.txt R:0.34322 P:0.36818 F:0.35526
txt ROUGE-1 Eval D0930-A.M.100.F.txt R:0.20259 P:0.28659 F:0.23738
txt ROUGE-1 Eval D0931-A.M.100.F.txt R:0.20332 P:0.29878 F:0.24198
txt ROUGE-1 Eval D0932-A.M.100.F.txt R:0.14706 P:0.23026 F:0.17949
txt ROUGE-1 Eval D0933-A.M.100.F.txt R:0.32273 P:0.38587 F:0.35149
txt ROUGE-1 Eval D0934-A.M.100.G.txt R:0.25943 P:0.35256 F:0.29891
txt ROUGE-1 Eval D0935-A.M.100.G.txt R:0.27572 P:0.32212 F:0.29712
txt ROUGE-1 Eval D0936-A.M.100.G.txt R:0.26442 P:0.29255 F:0.27777
txt ROUGE-1 Eval D0937-A.M.100.G.txt R:0.30736 P:0.33491 F:0.32054
txt ROUGE-1 Eval D0938-A.M.100.G.txt R:0.16883 P:0.23780 F:0.19747
txt ROUGE-1 Eval D0939-A.M.100.H.txt R:0.21198 P:0.28750 F:0.24403
txt ROUGE-1 Eval D0940-A.M.100.H.txt R:0.19409 P:0.25556 F:0.22062
txt ROUGE-1 Eval D0941-A.M.100.H.txt R:0.35124 P:0.54487 F:0.42714
txt ROUGE-1 Eval D0942-A.M.100.H.txt R:0.15385 P:0.29310 F:0.20178
txt ROUGE-1 Eval D0943-A.M.100.H.txt R:0.23207 P:0.32738 F:0.27161
txt ROUGE-1 Eval D0944-A.M.100.H.txt R:0.24186 P:0.30233 F:0.26874
---------------------------------------------
txt ROUGE-2 Average_R: 0.07747 ( 95%-conf.int. 0.06759 - 0.08785)
txt ROUGE-2 Average_P: 0.10376 ( 95%-conf.int. 0.09144 - 0.11771)
txt ROUGE-2 Average_F: 0.08814 ( 95%-conf.int. 0.07746 - 0.10005)
.............................................
txt ROUGE-2 Eval D0901-A.M.100.A.txt R:0.04508 P:0.05189 F:0.04825
txt ROUGE-2 Eval D0902-A.M.100.A.txt R:0.03571 P:0.04861 F:0.04117
txt ROUGE-2 Eval D0903-A.M.100.A.txt R:0.05490 P:0.09459 F:0.06948
txt ROUGE-2 Eval D0904-A.M.100.A.txt R:0.14068 P:0.18137 F:0.15845
txt ROUGE-2 Eval D0905-A.M.100.A.txt R:0.07522 P:0.10119 F:0.08629
txt ROUGE-2 Eval D0906-A.M.100.B.txt R:0.05600 P:0.07000 F:0.06222
txt ROUGE-2 Eval D0907-A.M.100.B.txt R:0.07860 P:0.13636 F:0.09972
txt ROUGE-2 Eval D0908-A.M.100.B.txt R:0.08889 P:0.11628 F:0.10076
txt ROUGE-2 Eval D0909-A.M.100.B.txt R:0.05952 P:0.08333 F:0.06944
txt ROUGE-2 Eval D0910-A.M.100.B.txt R:0.09633 P:0.13462 F:0.11230
txt ROUGE-2 Eval D0911-A.M.100.C.txt R:0.07767 P:0.07692 F:0.07729
txt ROUGE-2 Eval D0912-A.M.100.C.txt R:0.08756 P:0.11310 F:0.09870
txt ROUGE-2 Eval D0913-A.M.100.C.txt R:0.08696 P:0.09375 F:0.09023
txt ROUGE-2 Eval D0914-A.M.100.C.txt R:0.05702 P:0.08125 F:0.06701
txt ROUGE-2 Eval D0915-A.M.100.C.txt R:0.04545 P:0.07857 F:0.05759
txt ROUGE-2 Eval D0916-A.M.100.C.txt R:0.06364 P:0.07609 F:0.06931
txt ROUGE-2 Eval D0917-A.M.100.C.txt R:0.06912 P:0.07075 F:0.06993
txt ROUGE-2 Eval D0918-A.M.100.D.txt R:0.06167 P:0.07609 F:0.06813
txt ROUGE-2 Eval D0919-A.M.100.D.txt R:0.11504 P:0.16667 F:0.13612
txt ROUGE-2 Eval D0920-A.M.100.D.txt R:0.15982 P:0.20833 F:0.18088
txt ROUGE-2 Eval D0921-A.M.100.D.txt R:0.05882 P:0.07222 F:0.06483
txt ROUGE-2 Eval D0922-A.M.100.D.txt R:0.02490 P:0.06818 F:0.03648
txt ROUGE-2 Eval D0923-A.M.100.D.txt R:0.06695 P:0.10000 F:0.08020
txt ROUGE-2 Eval D0924-A.M.100.D.txt R:0.10000 P:0.15789 F:0.12245
txt ROUGE-2 Eval D0925-A.M.100.E.txt R:0.11161 P:0.13587 F:0.12255
txt ROUGE-2 Eval D0926-A.M.100.E.txt R:0.01914 P:0.02041 F:0.01975
txt ROUGE-2 Eval D0927-A.M.100.E.txt R:0.06404 P:0.07927 F:0.07085
txt ROUGE-2 Eval D0928-A.M.100.E.txt R:0.09955 P:0.14103 F:0.11671
txt ROUGE-2 Eval D0929-A.M.100.E.txt R:0.13793 P:0.14815 F:0.14286
txt ROUGE-2 Eval D0930-A.M.100.F.txt R:0.07456 P:0.10625 F:0.08763
txt ROUGE-2 Eval D0931-A.M.100.F.txt R:0.03797 P:0.05625 F:0.04534
txt ROUGE-2 Eval D0932-A.M.100.F.txt R:0.04701 P:0.07432 F:0.05759
txt ROUGE-2 Eval D0933-A.M.100.F.txt R:0.15741 P:0.18889 F:0.17172
txt ROUGE-2 Eval D0934-A.M.100.G.txt R:0.08654 P:0.11842 F:0.10000
txt ROUGE-2 Eval D0935-A.M.100.G.txt R:0.08368 P:0.09804 F:0.09029
txt ROUGE-2 Eval D0936-A.M.100.G.txt R:0.10294 P:0.11413 F:0.10825
txt ROUGE-2 Eval D0937-A.M.100.G.txt R:0.09692 P:0.10577 F:0.10115
txt ROUGE-2 Eval D0938-A.M.100.G.txt R:0.03965 P:0.05625 F:0.04651
txt ROUGE-2 Eval D0939-A.M.100.H.txt R:0.00939 P:0.01282 F:0.01084
txt ROUGE-2 Eval D0940-A.M.100.H.txt R:0.06438 P:0.08523 F:0.07335
txt ROUGE-2 Eval D0941-A.M.100.H.txt R:0.11765 P:0.18421 F:0.14359
txt ROUGE-2 Eval D0942-A.M.100.H.txt R:0.06452 P:0.12500 F:0.08511
txt ROUGE-2 Eval D0943-A.M.100.H.txt R:0.08155 P:0.11585 F:0.09572
txt ROUGE-2 Eval D0944-A.M.100.H.txt R:0.09005 P:0.11310 F:0.10027
---------------------------------------------
txt ROUGE-3 Average_R: 0.02973 ( 95%-conf.int. 0.02286 - 0.03725)
txt ROUGE-3 Average_P: 0.03985 ( 95%-conf.int. 0.03085 - 0.04931)
txt ROUGE-3 Average_F: 0.03386 ( 95%-conf.int. 0.02620 - 0.04195)
.............................................
txt ROUGE-3 Eval D0901-A.M.100.A.txt R:0.00417 P:0.00481 F:0.00447
txt ROUGE-3 Eval D0902-A.M.100.A.txt R:0.00000 P:0.00000 F:0.00000
txt ROUGE-3 Eval D0903-A.M.100.A.txt R:0.03187 P:0.05556 F:0.04051
txt ROUGE-3 Eval D0904-A.M.100.A.txt R:0.06178 P:0.08000 F:0.06972
txt ROUGE-3 Eval D0905-A.M.100.A.txt R:0.01351 P:0.01829 F:0.01554
txt ROUGE-3 Eval D0906-A.M.100.B.txt R:0.01626 P:0.02041 F:0.01810
txt ROUGE-3 Eval D0907-A.M.100.B.txt R:0.02667 P:0.04688 F:0.03400
txt ROUGE-3 Eval D0908-A.M.100.B.txt R:0.04525 P:0.05952 F:0.05141
txt ROUGE-3 Eval D0909-A.M.100.B.txt R:0.01210 P:0.01705 F:0.01415
txt ROUGE-3 Eval D0910-A.M.100.B.txt R:0.04206 P:0.05921 F:0.04918
txt ROUGE-3 Eval D0911-A.M.100.C.txt R:0.00495 P:0.00490 F:0.00492
txt ROUGE-3 Eval D0912-A.M.100.C.txt R:0.03286 P:0.04268 F:0.03713
txt ROUGE-3 Eval D0913-A.M.100.C.txt R:0.03448 P:0.03723 F:0.03580
txt ROUGE-3 Eval D0914-A.M.100.C.txt R:0.00893 P:0.01282 F:0.01053
txt ROUGE-3 Eval D0915-A.M.100.C.txt R:0.00420 P:0.00735 F:0.00535
txt ROUGE-3 Eval D0916-A.M.100.C.txt R:0.01389 P:0.01667 F:0.01515
txt ROUGE-3 Eval D0917-A.M.100.C.txt R:0.01878 P:0.01923 F:0.01900
txt ROUGE-3 Eval D0918-A.M.100.D.txt R:0.01345 P:0.01667 F:0.01489
txt ROUGE-3 Eval D0919-A.M.100.D.txt R:0.03604 P:0.05263 F:0.04278
txt ROUGE-3 Eval D0920-A.M.100.D.txt R:0.07442 P:0.09756 F:0.08443
txt ROUGE-3 Eval D0921-A.M.100.D.txt R:0.01843 P:0.02273 F:0.02036
txt ROUGE-3 Eval D0922-A.M.100.D.txt R:0.00000 P:0.00000 F:0.00000
txt ROUGE-3 Eval D0923-A.M.100.D.txt R:0.02553 P:0.03846 F:0.03069
txt ROUGE-3 Eval D0924-A.M.100.D.txt R:0.04237 P:0.06757 F:0.05208
txt ROUGE-3 Eval D0925-A.M.100.E.txt R:0.07273 P:0.08889 F:0.08000
txt ROUGE-3 Eval D0926-A.M.100.E.txt R:0.00000 P:0.00000 F:0.00000
txt ROUGE-3 Eval D0927-A.M.100.E.txt R:0.00503 P:0.00625 F:0.00557
txt ROUGE-3 Eval D0928-A.M.100.E.txt R:0.05530 P:0.07895 F:0.06504
txt ROUGE-3 Eval D0929-A.M.100.E.txt R:0.10088 P:0.10849 F:0.10455
txt ROUGE-3 Eval D0930-A.M.100.F.txt R:0.02679 P:0.03846 F:0.03158
txt ROUGE-3 Eval D0931-A.M.100.F.txt R:0.00858 P:0.01282 F:0.01028
txt ROUGE-3 Eval D0932-A.M.100.F.txt R:0.01304 P:0.02083 F:0.01604
txt ROUGE-3 Eval D0933-A.M.100.F.txt R:0.08962 P:0.10795 F:0.09793
txt ROUGE-3 Eval D0934-A.M.100.G.txt R:0.03431 P:0.04730 F:0.03977
txt ROUGE-3 Eval D0935-A.M.100.G.txt R:0.05106 P:0.06000 F:0.05517
txt ROUGE-3 Eval D0936-A.M.100.G.txt R:0.03500 P:0.03889 F:0.03684
txt ROUGE-3 Eval D0937-A.M.100.G.txt R:0.03587 P:0.03922 F:0.03747
txt ROUGE-3 Eval D0938-A.M.100.G.txt R:0.00448 P:0.00641 F:0.00527
txt ROUGE-3 Eval D0939-A.M.100.H.txt R:0.00000 P:0.00000 F:0.00000
txt ROUGE-3 Eval D0940-A.M.100.H.txt R:0.01747 P:0.02326 F:0.01995
txt ROUGE-3 Eval D0941-A.M.100.H.txt R:0.05556 P:0.08784 F:0.06807
txt ROUGE-3 Eval D0942-A.M.100.H.txt R:0.03756 P:0.07407 F:0.04984
txt ROUGE-3 Eval D0943-A.M.100.H.txt R:0.04367 P:0.06250 F:0.05142
txt ROUGE-3 Eval D0944-A.M.100.H.txt R:0.02415 P:0.03049 F:0.02695
---------------------------------------------
txt ROUGE-4 Average_R: 0.01464 ( 95%-conf.int. 0.00961 - 0.02023)
txt ROUGE-4 Average_P: 0.01939 ( 95%-conf.int. 0.01308 - 0.02624)
txt ROUGE-4 Average_F: 0.01660 ( 95%-conf.int. 0.01092 - 0.02264)
.............................................
txt ROUGE-4 Eval D0901-A.M.100.A.txt R:0.00000 P:0.00000 F:0.00000
txt ROUGE-4 Eval D0902-A.M.100.A.txt R:0.00000 P:0.00000 F:0.00000
txt ROUGE-4 Eval D0903-A.M.100.A.txt R:0.02024 P:0.03571 F:0.02584
txt ROUGE-4 Eval D0904-A.M.100.A.txt R:0.03529 P:0.04592 F:0.03991
txt ROUGE-4 Eval D0905-A.M.100.A.txt R:0.00000 P:0.00000 F:0.00000
txt ROUGE-4 Eval D0906-A.M.100.B.txt R:0.00826 P:0.01042 F:0.00922
txt ROUGE-4 Eval D0907-A.M.100.B.txt R:0.00905 P:0.01613 F:0.01159
txt ROUGE-4 Eval D0908-A.M.100.B.txt R:0.02765 P:0.03659 F:0.03150
txt ROUGE-4 Eval D0909-A.M.100.B.txt R:0.00000 P:0.00000 F:0.00000
txt ROUGE-4 Eval D0910-A.M.100.B.txt R:0.02381 P:0.03378 F:0.02793
txt ROUGE-4 Eval D0911-A.M.100.C.txt R:0.00000 P:0.00000 F:0.00000
txt ROUGE-4 Eval D0912-A.M.100.C.txt R:0.00957 P:0.01250 F:0.01084
txt ROUGE-4 Eval D0913-A.M.100.C.txt R:0.01508 P:0.01630 F:0.01567
txt ROUGE-4 Eval D0914-A.M.100.C.txt R:0.00000 P:0.00000 F:0.00000
txt ROUGE-4 Eval D0915-A.M.100.C.txt R:0.00000 P:0.00000 F:0.00000
txt ROUGE-4 Eval D0916-A.M.100.C.txt R:0.00000 P:0.00000 F:0.00000
txt ROUGE-4 Eval D0917-A.M.100.C.txt R:0.00957 P:0.00980 F:0.00968
txt ROUGE-4 Eval D0918-A.M.100.D.txt R:0.00457 P:0.00568 F:0.00506
txt ROUGE-4 Eval D0919-A.M.100.D.txt R:0.00917 P:0.01351 F:0.01092
txt ROUGE-4 Eval D0920-A.M.100.D.txt R:0.05213 P:0.06875 F:0.05930
txt ROUGE-4 Eval D0921-A.M.100.D.txt R:0.00939 P:0.01163 F:0.01039
txt ROUGE-4 Eval D0922-A.M.100.D.txt R:0.00000 P:0.00000 F:0.00000
txt ROUGE-4 Eval D0923-A.M.100.D.txt R:0.00433 P:0.00658 F:0.00522
txt ROUGE-4 Eval D0924-A.M.100.D.txt R:0.02155 P:0.03472 F:0.02659
txt ROUGE-4 Eval D0925-A.M.100.E.txt R:0.06019 P:0.07386 F:0.06633
txt ROUGE-4 Eval D0926-A.M.100.E.txt R:0.00000 P:0.00000 F:0.00000
txt ROUGE-4 Eval D0927-A.M.100.E.txt R:0.00000 P:0.00000 F:0.00000
txt ROUGE-4 Eval D0928-A.M.100.E.txt R:0.04225 P:0.06081 F:0.04986
txt ROUGE-4 Eval D0929-A.M.100.E.txt R:0.08036 P:0.08654 F:0.08334
txt ROUGE-4 Eval D0930-A.M.100.F.txt R:0.01364 P:0.01974 F:0.01613
txt ROUGE-4 Eval D0931-A.M.100.F.txt R:0.00000 P:0.00000 F:0.00000
txt ROUGE-4 Eval D0932-A.M.100.F.txt R:0.00885 P:0.01429 F:0.01093
txt ROUGE-4 Eval D0933-A.M.100.F.txt R:0.04808 P:0.05814 F:0.05263
txt ROUGE-4 Eval D0934-A.M.100.G.txt R:0.01000 P:0.01389 F:0.01163
txt ROUGE-4 Eval D0935-A.M.100.G.txt R:0.02597 P:0.03061 F:0.02810
txt ROUGE-4 Eval D0936-A.M.100.G.txt R:0.01020 P:0.01136 F:0.01075
txt ROUGE-4 Eval D0937-A.M.100.G.txt R:0.01370 P:0.01500 F:0.01432
txt ROUGE-4 Eval D0938-A.M.100.G.txt R:0.00000 P:0.00000 F:0.00000
txt ROUGE-4 Eval D0939-A.M.100.H.txt R:0.00000 P:0.00000 F:0.00000
txt ROUGE-4 Eval D0940-A.M.100.H.txt R:0.00000 P:0.00000 F:0.00000
txt ROUGE-4 Eval D0941-A.M.100.H.txt R:0.02609 P:0.04167 F:0.03209
txt ROUGE-4 Eval D0942-A.M.100.H.txt R:0.00957 P:0.01923 F:0.01278
txt ROUGE-4 Eval D0943-A.M.100.H.txt R:0.02222 P:0.03205 F:0.02624
txt ROUGE-4 Eval D0944-A.M.100.H.txt R:0.00493 P:0.00625 F:0.00551
