---------------------------------------------
txt ROUGE-1 Average_R: 0.24845 ( 95%-conf.int. 0.22625 - 0.27071)
txt ROUGE-1 Average_P: 0.25353 ( 95%-conf.int. 0.23159 - 0.27583)
txt ROUGE-1 Average_F: 0.25032 ( 95%-conf.int. 0.22834 - 0.27212)
.............................................
txt ROUGE-1 Eval D1001-A.M.100.A.txt R:0.37449 P:0.37295 F:0.37372
txt ROUGE-1 Eval D1002-A.M.100.A.txt R:0.24686 P:0.29500 F:0.26879
txt ROUGE-1 Eval D1003-A.M.100.A.txt R:0.21645 P:0.20833 F:0.21231
txt ROUGE-1 Eval D1004-A.M.100.A.txt R:0.30579 P:0.28462 F:0.29483
txt ROUGE-1 Eval D1005-A.M.100.A.txt R:0.24590 P:0.29412 F:0.26786
txt ROUGE-1 Eval D1006-A.M.100.A.txt R:0.29119 P:0.36538 F:0.32409
txt ROUGE-1 Eval D1007-A.M.100.B.txt R:0.29333 P:0.25385 F:0.27217
txt ROUGE-1 Eval D1008-A.M.100.B.txt R:0.16532 P:0.19712 F:0.17982
txt ROUGE-1 Eval D1009-A.M.100.B.txt R:0.19912 P:0.20455 F:0.20180
txt ROUGE-1 Eval D1010-A.M.100.B.txt R:0.19600 P:0.20417 F:0.20000
txt ROUGE-1 Eval D1011-A.M.100.C.txt R:0.15948 P:0.17788 F:0.16818
txt ROUGE-1 Eval D1012-A.M.100.C.txt R:0.22358 P:0.20522 F:0.21401
txt ROUGE-1 Eval D1013-A.M.100.C.txt R:0.18474 P:0.23000 F:0.20490
txt ROUGE-1 Eval D1014-A.M.100.C.txt R:0.17573 P:0.15441 F:0.16438
txt ROUGE-1 Eval D1015-A.M.100.C.txt R:0.26038 P:0.27823 F:0.26901
txt ROUGE-1 Eval D1016-A.M.100.C.txt R:0.32735 P:0.32018 F:0.32373
txt ROUGE-1 Eval D1017-A.M.100.D.txt R:0.20408 P:0.22727 F:0.21505
txt ROUGE-1 Eval D1018-A.M.100.D.txt R:0.26360 P:0.25000 F:0.25662
txt ROUGE-1 Eval D1019-A.M.100.D.txt R:0.36250 P:0.35081 F:0.35656
txt ROUGE-1 Eval D1020-A.M.100.D.txt R:0.02066 P:0.01524 F:0.01754
txt ROUGE-1 Eval D1021-A.M.100.D.txt R:0.33898 P:0.28986 F:0.31250
txt ROUGE-1 Eval D1022-A.M.100.D.txt R:0.35146 P:0.36842 F:0.35974
txt ROUGE-1 Eval D1023-A.M.100.E.txt R:0.27273 P:0.30556 F:0.28821
txt ROUGE-1 Eval D1024-A.M.100.E.txt R:0.14167 P:0.14655 F:0.14407
txt ROUGE-1 Eval D1025-A.M.100.E.txt R:0.22566 P:0.24057 F:0.23288
txt ROUGE-1 Eval D1026-A.M.100.E.txt R:0.04701 P:0.04508 F:0.04602
txt ROUGE-1 Eval D1027-A.M.100.E.txt R:0.23413 P:0.26339 F:0.24790
txt ROUGE-1 Eval D1028-A.M.100.E.txt R:0.29583 P:0.27734 F:0.28629
txt ROUGE-1 Eval D1029-A.M.100.F.txt R:0.19583 P:0.17279 F:0.18359
txt ROUGE-1 Eval D1030-A.M.100.F.txt R:0.28175 P:0.28629 F:0.28400
txt ROUGE-1 Eval D1031-A.M.100.F.txt R:0.21224 P:0.19403 F:0.20273
txt ROUGE-1 Eval D1032-A.M.100.F.txt R:0.32824 P:0.36441 F:0.34538
txt ROUGE-1 Eval D1033-A.M.100.F.txt R:0.35124 P:0.29514 F:0.32076
txt ROUGE-1 Eval D1034-A.M.100.F.txt R:0.09877 P:0.11111 F:0.10458
txt ROUGE-1 Eval D1035-A.M.100.G.txt R:0.21138 P:0.23636 F:0.22317
txt ROUGE-1 Eval D1036-A.M.100.G.txt R:0.24898 P:0.28241 F:0.26464
txt ROUGE-1 Eval D1037-A.M.100.G.txt R:0.22222 P:0.20000 F:0.21053
txt ROUGE-1 Eval D1038-A.M.100.G.txt R:0.21569 P:0.24123 F:0.22775
txt ROUGE-1 Eval D1039-A.M.100.G.txt R:0.33061 P:0.33197 F:0.33129
txt ROUGE-1 Eval D1040-A.M.100.G.txt R:0.21702 P:0.23182 F:0.22418
txt ROUGE-1 Eval D1041-A.M.100.H.txt R:0.33858 P:0.35246 F:0.34538
txt ROUGE-1 Eval D1042-A.M.100.H.txt R:0.22870 P:0.23611 F:0.23235
txt ROUGE-1 Eval D1043-A.M.100.H.txt R:0.37712 P:0.37083 F:0.37395
txt ROUGE-1 Eval D1044-A.M.100.H.txt R:0.32911 P:0.30952 F:0.31901
txt ROUGE-1 Eval D1045-A.M.100.H.txt R:0.31102 P:0.31855 F:0.31474
txt ROUGE-1 Eval D1046-A.M.100.H.txt R:0.32677 P:0.31923 F:0.32296
---------------------------------------------
txt ROUGE-2 Average_R: 0.06920 ( 95%-conf.int. 0.05827 - 0.08042)
txt ROUGE-2 Average_P: 0.07011 ( 95%-conf.int. 0.05985 - 0.08046)
txt ROUGE-2 Average_F: 0.06947 ( 95%-conf.int. 0.05896 - 0.08014)
.............................................
txt ROUGE-2 Eval D1001-A.M.100.A.txt R:0.11715 P:0.11667 F:0.11691
txt ROUGE-2 Eval D1002-A.M.100.A.txt R:0.07234 P:0.08673 F:0.07888
txt ROUGE-2 Eval D1003-A.M.100.A.txt R:0.04405 P:0.04237 F:0.04319
txt ROUGE-2 Eval D1004-A.M.100.A.txt R:0.07143 P:0.06641 F:0.06883
txt ROUGE-2 Eval D1005-A.M.100.A.txt R:0.04167 P:0.05000 F:0.04546
txt ROUGE-2 Eval D1006-A.M.100.A.txt R:0.08560 P:0.10784 F:0.09544
txt ROUGE-2 Eval D1007-A.M.100.B.txt R:0.08145 P:0.07031 F:0.07547
txt ROUGE-2 Eval D1008-A.M.100.B.txt R:0.03689 P:0.04412 F:0.04018
txt ROUGE-2 Eval D1009-A.M.100.B.txt R:0.04955 P:0.05093 F:0.05023
txt ROUGE-2 Eval D1010-A.M.100.B.txt R:0.08130 P:0.08475 F:0.08299
txt ROUGE-2 Eval D1011-A.M.100.C.txt R:0.04825 P:0.05392 F:0.05093
txt ROUGE-2 Eval D1012-A.M.100.C.txt R:0.03719 P:0.03409 F:0.03557
txt ROUGE-2 Eval D1013-A.M.100.C.txt R:0.04082 P:0.05102 F:0.04535
txt ROUGE-2 Eval D1014-A.M.100.C.txt R:0.02979 P:0.02612 F:0.02783
txt ROUGE-2 Eval D1015-A.M.100.C.txt R:0.09195 P:0.09836 F:0.09505
txt ROUGE-2 Eval D1016-A.M.100.C.txt R:0.07306 P:0.07143 F:0.07224
txt ROUGE-2 Eval D1017-A.M.100.D.txt R:0.03734 P:0.04167 F:0.03939
txt ROUGE-2 Eval D1018-A.M.100.D.txt R:0.10213 P:0.09677 F:0.09938
txt ROUGE-2 Eval D1019-A.M.100.D.txt R:0.07627 P:0.07377 F:0.07500
txt ROUGE-2 Eval D1020-A.M.100.D.txt R:0.00000 P:0.00000 F:0.00000
txt ROUGE-2 Eval D1021-A.M.100.D.txt R:0.12500 P:0.10662 F:0.11508
txt ROUGE-2 Eval D1022-A.M.100.D.txt R:0.14468 P:0.15179 F:0.14815
txt ROUGE-2 Eval D1023-A.M.100.E.txt R:0.04622 P:0.05189 F:0.04889
txt ROUGE-2 Eval D1024-A.M.100.E.txt R:0.03390 P:0.03509 F:0.03448
txt ROUGE-2 Eval D1025-A.M.100.E.txt R:0.08108 P:0.08654 F:0.08372
txt ROUGE-2 Eval D1026-A.M.100.E.txt R:0.00435 P:0.00417 F:0.00426
txt ROUGE-2 Eval D1027-A.M.100.E.txt R:0.05645 P:0.06364 F:0.05983
txt ROUGE-2 Eval D1028-A.M.100.E.txt R:0.07627 P:0.07143 F:0.07377
txt ROUGE-2 Eval D1029-A.M.100.F.txt R:0.05508 P:0.04851 F:0.05159
txt ROUGE-2 Eval D1030-A.M.100.F.txt R:0.08065 P:0.08197 F:0.08130
txt ROUGE-2 Eval D1031-A.M.100.F.txt R:0.04564 P:0.04167 F:0.04356
txt ROUGE-2 Eval D1032-A.M.100.F.txt R:0.08527 P:0.09483 F:0.08980
txt ROUGE-2 Eval D1033-A.M.100.F.txt R:0.16387 P:0.13732 F:0.14942
txt ROUGE-2 Eval D1034-A.M.100.F.txt R:0.00837 P:0.00943 F:0.00887
txt ROUGE-2 Eval D1035-A.M.100.G.txt R:0.05372 P:0.06019 F:0.05677
txt ROUGE-2 Eval D1036-A.M.100.G.txt R:0.02490 P:0.02830 F:0.02649
txt ROUGE-2 Eval D1037-A.M.100.G.txt R:0.04717 P:0.04237 F:0.04464
txt ROUGE-2 Eval D1038-A.M.100.G.txt R:0.06773 P:0.07589 F:0.07158
txt ROUGE-2 Eval D1039-A.M.100.G.txt R:0.10373 P:0.10417 F:0.10395
txt ROUGE-2 Eval D1040-A.M.100.G.txt R:0.03896 P:0.04167 F:0.04027
txt ROUGE-2 Eval D1041-A.M.100.H.txt R:0.10800 P:0.11250 F:0.11020
txt ROUGE-2 Eval D1042-A.M.100.H.txt R:0.07763 P:0.08019 F:0.07889
txt ROUGE-2 Eval D1043-A.M.100.H.txt R:0.15948 P:0.15678 F:0.15812
txt ROUGE-2 Eval D1044-A.M.100.H.txt R:0.10730 P:0.10081 F:0.10395
txt ROUGE-2 Eval D1045-A.M.100.H.txt R:0.08800 P:0.09016 F:0.08907
txt ROUGE-2 Eval D1046-A.M.100.H.txt R:0.08800 P:0.08594 F:0.08696
---------------------------------------------
txt ROUGE-3 Average_R: 0.02365 ( 95%-conf.int. 0.01717 - 0.03036)
txt ROUGE-3 Average_P: 0.02377 ( 95%-conf.int. 0.01770 - 0.03010)
txt ROUGE-3 Average_F: 0.02365 ( 95%-conf.int. 0.01737 - 0.03003)
.............................................
txt ROUGE-3 Eval D1001-A.M.100.A.txt R:0.04681 P:0.04661 F:0.04671
txt ROUGE-3 Eval D1002-A.M.100.A.txt R:0.02597 P:0.03125 F:0.02837
txt ROUGE-3 Eval D1003-A.M.100.A.txt R:0.00448 P:0.00431 F:0.00439
txt ROUGE-3 Eval D1004-A.M.100.A.txt R:0.02137 P:0.01984 F:0.02058
txt ROUGE-3 Eval D1005-A.M.100.A.txt R:0.01695 P:0.02041 F:0.01852
txt ROUGE-3 Eval D1006-A.M.100.A.txt R:0.03162 P:0.04000 F:0.03532
txt ROUGE-3 Eval D1007-A.M.100.B.txt R:0.00922 P:0.00794 F:0.00853
txt ROUGE-3 Eval D1008-A.M.100.B.txt R:0.00833 P:0.01000 F:0.00909
txt ROUGE-3 Eval D1009-A.M.100.B.txt R:0.02294 P:0.02358 F:0.02326
txt ROUGE-3 Eval D1010-A.M.100.B.txt R:0.05372 P:0.05603 F:0.05485
txt ROUGE-3 Eval D1011-A.M.100.C.txt R:0.00000 P:0.00000 F:0.00000
txt ROUGE-3 Eval D1012-A.M.100.C.txt R:0.00000 P:0.00000 F:0.00000
txt ROUGE-3 Eval D1013-A.M.100.C.txt R:0.00830 P:0.01042 F:0.00924
txt ROUGE-3 Eval D1014-A.M.100.C.txt R:0.00866 P:0.00758 F:0.00808
txt ROUGE-3 Eval D1015-A.M.100.C.txt R:0.03502 P:0.03750 F:0.03622
txt ROUGE-3 Eval D1016-A.M.100.C.txt R:0.01860 P:0.01818 F:0.01839
txt ROUGE-3 Eval D1017-A.M.100.D.txt R:0.00000 P:0.00000 F:0.00000
txt ROUGE-3 Eval D1018-A.M.100.D.txt R:0.06061 P:0.05738 F:0.05895
txt ROUGE-3 Eval D1019-A.M.100.D.txt R:0.01724 P:0.01667 F:0.01695
txt ROUGE-3 Eval D1020-A.M.100.D.txt R:0.00000 P:0.00000 F:0.00000
txt ROUGE-3 Eval D1021-A.M.100.D.txt R:0.05263 P:0.04478 F:0.04839
txt ROUGE-3 Eval D1022-A.M.100.D.txt R:0.06926 P:0.07273 F:0.07095
txt ROUGE-3 Eval D1023-A.M.100.E.txt R:0.00855 P:0.00962 F:0.00905
txt ROUGE-3 Eval D1024-A.M.100.E.txt R:0.00000 P:0.00000 F:0.00000
txt ROUGE-3 Eval D1025-A.M.100.E.txt R:0.04587 P:0.04902 F:0.04739
txt ROUGE-3 Eval D1026-A.M.100.E.txt R:0.00000 P:0.00000 F:0.00000
txt ROUGE-3 Eval D1027-A.M.100.E.txt R:0.00820 P:0.00926 F:0.00870
txt ROUGE-3 Eval D1028-A.M.100.E.txt R:0.02586 P:0.02419 F:0.02500
txt ROUGE-3 Eval D1029-A.M.100.F.txt R:0.01293 P:0.01136 F:0.01209
txt ROUGE-3 Eval D1030-A.M.100.F.txt R:0.05328 P:0.05417 F:0.05372
txt ROUGE-3 Eval D1031-A.M.100.F.txt R:0.00844 P:0.00769 F:0.00805
txt ROUGE-3 Eval D1032-A.M.100.F.txt R:0.02362 P:0.02632 F:0.02490
txt ROUGE-3 Eval D1033-A.M.100.F.txt R:0.09402 P:0.07857 F:0.08560
txt ROUGE-3 Eval D1034-A.M.100.F.txt R:0.00000 P:0.00000 F:0.00000
txt ROUGE-3 Eval D1035-A.M.100.G.txt R:0.00000 P:0.00000 F:0.00000
txt ROUGE-3 Eval D1036-A.M.100.G.txt R:0.00000 P:0.00000 F:0.00000
txt ROUGE-3 Eval D1037-A.M.100.G.txt R:0.00000 P:0.00000 F:0.00000
txt ROUGE-3 Eval D1038-A.M.100.G.txt R:0.03239 P:0.03636 F:0.03426
txt ROUGE-3 Eval D1039-A.M.100.G.txt R:0.03376 P:0.03390 F:0.03383
txt ROUGE-3 Eval D1040-A.M.100.G.txt R:0.00881 P:0.00943 F:0.00911
txt ROUGE-3 Eval D1041-A.M.100.H.txt R:0.02846 P:0.02966 F:0.02905
txt ROUGE-3 Eval D1042-A.M.100.H.txt R:0.02326 P:0.02404 F:0.02364
txt ROUGE-3 Eval D1043-A.M.100.H.txt R:0.07456 P:0.07328 F:0.07391
txt ROUGE-3 Eval D1044-A.M.100.H.txt R:0.05240 P:0.04918 F:0.05074
txt ROUGE-3 Eval D1045-A.M.100.H.txt R:0.03252 P:0.03333 F:0.03292
txt ROUGE-3 Eval D1046-A.M.100.H.txt R:0.01220 P:0.01190 F:0.01205
---------------------------------------------
txt ROUGE-4 Average_R: 0.01005 ( 95%-conf.int. 0.00677 - 0.01380)
txt ROUGE-4 Average_P: 0.01007 ( 95%-conf.int. 0.00693 - 0.01361)
txt ROUGE-4 Average_F: 0.01003 ( 95%-conf.int. 0.00683 - 0.01368)
.............................................
txt ROUGE-4 Eval D1001-A.M.100.A.txt R:0.01732 P:0.01724 F:0.01728
txt ROUGE-4 Eval D1002-A.M.100.A.txt R:0.01322 P:0.01596 F:0.01446
txt ROUGE-4 Eval D1003-A.M.100.A.txt R:0.00000 P:0.00000 F:0.00000
txt ROUGE-4 Eval D1004-A.M.100.A.txt R:0.01304 P:0.01210 F:0.01255
txt ROUGE-4 Eval D1005-A.M.100.A.txt R:0.00862 P:0.01042 F:0.00943
txt ROUGE-4 Eval D1006-A.M.100.A.txt R:0.01606 P:0.02041 F:0.01798
txt ROUGE-4 Eval D1007-A.M.100.B.txt R:0.00469 P:0.00403 F:0.00434
txt ROUGE-4 Eval D1008-A.M.100.B.txt R:0.00000 P:0.00000 F:0.00000
txt ROUGE-4 Eval D1009-A.M.100.B.txt R:0.00935 P:0.00962 F:0.00948
txt ROUGE-4 Eval D1010-A.M.100.B.txt R:0.03782 P:0.03947 F:0.03863
txt ROUGE-4 Eval D1011-A.M.100.C.txt R:0.00000 P:0.00000 F:0.00000
txt ROUGE-4 Eval D1012-A.M.100.C.txt R:0.00000 P:0.00000 F:0.00000
txt ROUGE-4 Eval D1013-A.M.100.C.txt R:0.00000 P:0.00000 F:0.00000
txt ROUGE-4 Eval D1014-A.M.100.C.txt R:0.00000 P:0.00000 F:0.00000
txt ROUGE-4 Eval D1015-A.M.100.C.txt R:0.01186 P:0.01271 F:0.01227
txt ROUGE-4 Eval D1016-A.M.100.C.txt R:0.00000 P:0.00000 F:0.00000
txt ROUGE-4 Eval D1017-A.M.100.D.txt R:0.00000 P:0.00000 F:0.00000
txt ROUGE-4 Eval D1018-A.M.100.D.txt R:0.02643 P:0.02500 F:0.02570
txt ROUGE-4 Eval D1019-A.M.100.D.txt R:0.00877 P:0.00847 F:0.00862
txt ROUGE-4 Eval D1020-A.M.100.D.txt R:0.00000 P:0.00000 F:0.00000
txt ROUGE-4 Eval D1021-A.M.100.D.txt R:0.01786 P:0.01515 F:0.01639
txt ROUGE-4 Eval D1022-A.M.100.D.txt R:0.02643 P:0.02778 F:0.02709
txt ROUGE-4 Eval D1023-A.M.100.E.txt R:0.00435 P:0.00490 F:0.00461
txt ROUGE-4 Eval D1024-A.M.100.E.txt R:0.00000 P:0.00000 F:0.00000
txt ROUGE-4 Eval D1025-A.M.100.E.txt R:0.01869 P:0.02000 F:0.01932
txt ROUGE-4 Eval D1026-A.M.100.E.txt R:0.00000 P:0.00000 F:0.00000
txt ROUGE-4 Eval D1027-A.M.100.E.txt R:0.00000 P:0.00000 F:0.00000
txt ROUGE-4 Eval D1028-A.M.100.E.txt R:0.00877 P:0.00820 F:0.00848
txt ROUGE-4 Eval D1029-A.M.100.F.txt R:0.00000 P:0.00000 F:0.00000
txt ROUGE-4 Eval D1030-A.M.100.F.txt R:0.03333 P:0.03390 F:0.03361
txt ROUGE-4 Eval D1031-A.M.100.F.txt R:0.00000 P:0.00000 F:0.00000
txt ROUGE-4 Eval D1032-A.M.100.F.txt R:0.00000 P:0.00000 F:0.00000
txt ROUGE-4 Eval D1033-A.M.100.F.txt R:0.05217 P:0.04348 F:0.04743
txt ROUGE-4 Eval D1034-A.M.100.F.txt R:0.00000 P:0.00000 F:0.00000
txt ROUGE-4 Eval D1035-A.M.100.G.txt R:0.00000 P:0.00000 F:0.00000
txt ROUGE-4 Eval D1036-A.M.100.G.txt R:0.00000 P:0.00000 F:0.00000
txt ROUGE-4 Eval D1037-A.M.100.G.txt R:0.00000 P:0.00000 F:0.00000
txt ROUGE-4 Eval D1038-A.M.100.G.txt R:0.01235 P:0.01389 F:0.01307
txt ROUGE-4 Eval D1039-A.M.100.G.txt R:0.01717 P:0.01724 F:0.01720
txt ROUGE-4 Eval D1040-A.M.100.G.txt R:0.00448 P:0.00481 F:0.00464
txt ROUGE-4 Eval D1041-A.M.100.H.txt R:0.01240 P:0.01293 F:0.01266
txt ROUGE-4 Eval D1042-A.M.100.H.txt R:0.00948 P:0.00980 F:0.00964
txt ROUGE-4 Eval D1043-A.M.100.H.txt R:0.04018 P:0.03947 F:0.03982
txt ROUGE-4 Eval D1044-A.M.100.H.txt R:0.02222 P:0.02083 F:0.02150
txt ROUGE-4 Eval D1045-A.M.100.H.txt R:0.01240 P:0.01271 F:0.01255
txt ROUGE-4 Eval D1046-A.M.100.H.txt R:0.00413 P:0.00403 F:0.00408
