---------------------------------------------
10 ROUGE-1 Average_R: 0.24034 ( 95%-conf.int. 0.21862 - 0.26162)
10 ROUGE-1 Average_P: 0.25461 ( 95%-conf.int. 0.23331 - 0.27662)
10 ROUGE-1 Average_F: 0.24667 ( 95%-conf.int. 0.22546 - 0.26794)
.............................................
10 ROUGE-1 Eval D1001-A.M.100.A.10 R:0.35391 P:0.34127 F:0.34748
10 ROUGE-1 Eval D1002-A.M.100.A.10 R:0.24686 P:0.31383 F:0.27635
10 ROUGE-1 Eval D1003-A.M.100.A.10 R:0.24675 P:0.24153 F:0.24411
10 ROUGE-1 Eval D1004-A.M.100.A.10 R:0.37190 P:0.35714 F:0.36437
10 ROUGE-1 Eval D1005-A.M.100.A.10 R:0.20082 P:0.26630 F:0.22897
10 ROUGE-1 Eval D1006-A.M.100.A.10 R:0.29885 P:0.35455 F:0.32433
10 ROUGE-1 Eval D1007-A.M.100.B.10 R:0.27111 P:0.28774 F:0.27918
10 ROUGE-1 Eval D1008-A.M.100.B.10 R:0.15323 P:0.19792 F:0.17273
10 ROUGE-1 Eval D1009-A.M.100.B.10 R:0.17257 P:0.17727 F:0.17489
10 ROUGE-1 Eval D1010-A.M.100.B.10 R:0.17200 P:0.18220 F:0.17695
10 ROUGE-1 Eval D1011-A.M.100.C.10 R:0.19397 P:0.21226 F:0.20270
10 ROUGE-1 Eval D1012-A.M.100.C.10 R:0.17886 P:0.17742 F:0.17814
10 ROUGE-1 Eval D1013-A.M.100.C.10 R:0.16466 P:0.18981 F:0.17634
10 ROUGE-1 Eval D1014-A.M.100.C.10 R:0.13808 P:0.13306 F:0.13552
10 ROUGE-1 Eval D1015-A.M.100.C.10 R:0.31321 P:0.35169 F:0.33134
10 ROUGE-1 Eval D1016-A.M.100.C.10 R:0.33632 P:0.36058 F:0.34803
10 ROUGE-1 Eval D1017-A.M.100.D.10 R:0.22041 P:0.26471 F:0.24054
10 ROUGE-1 Eval D1018-A.M.100.D.10 R:0.25523 P:0.22426 F:0.23874
10 ROUGE-1 Eval D1019-A.M.100.D.10 R:0.34583 P:0.39151 F:0.36726
10 ROUGE-1 Eval D1020-A.M.100.D.10 R:0.12810 P:0.13362 F:0.13080
10 ROUGE-1 Eval D1021-A.M.100.D.10 R:0.31780 P:0.27574 F:0.29528
10 ROUGE-1 Eval D1022-A.M.100.D.10 R:0.31799 P:0.30645 F:0.31211
10 ROUGE-1 Eval D1023-A.M.100.E.10 R:0.22727 P:0.25463 F:0.24017
10 ROUGE-1 Eval D1024-A.M.100.E.10 R:0.10833 P:0.12264 F:0.11504
10 ROUGE-1 Eval D1025-A.M.100.E.10 R:0.20796 P:0.26111 F:0.23152
10 ROUGE-1 Eval D1026-A.M.100.E.10 R:0.04701 P:0.04825 F:0.04762
10 ROUGE-1 Eval D1027-A.M.100.E.10 R:0.28175 P:0.27734 F:0.27953
10 ROUGE-1 Eval D1028-A.M.100.E.10 R:0.28750 P:0.28750 F:0.28750
10 ROUGE-1 Eval D1029-A.M.100.F.10 R:0.20000 P:0.19048 F:0.19512
10 ROUGE-1 Eval D1030-A.M.100.F.10 R:0.20635 P:0.24074 F:0.22222
10 ROUGE-1 Eval D1031-A.M.100.F.10 R:0.17143 P:0.16154 F:0.16634
10 ROUGE-1 Eval D1032-A.M.100.F.10 R:0.33969 P:0.38362 F:0.36032
10 ROUGE-1 Eval D1033-A.M.100.F.10 R:0.31405 P:0.28788 F:0.30040
10 ROUGE-1 Eval D1034-A.M.100.F.10 R:0.06584 P:0.07143 F:0.06852
10 ROUGE-1 Eval D1035-A.M.100.G.10 R:0.21545 P:0.23661 F:0.22553
10 ROUGE-1 Eval D1036-A.M.100.G.10 R:0.21224 P:0.23214 F:0.22174
10 ROUGE-1 Eval D1037-A.M.100.G.10 R:0.21759 P:0.21364 F:0.21560
10 ROUGE-1 Eval D1038-A.M.100.G.10 R:0.21961 P:0.25455 F:0.23579
10 ROUGE-1 Eval D1039-A.M.100.G.10 R:0.29796 P:0.30417 F:0.30103
10 ROUGE-1 Eval D1040-A.M.100.G.10 R:0.21702 P:0.21610 F:0.21656
10 ROUGE-1 Eval D1041-A.M.100.H.10 R:0.31890 P:0.36818 F:0.34177
10 ROUGE-1 Eval D1042-A.M.100.H.10 R:0.26009 P:0.27358 F:0.26666
10 ROUGE-1 Eval D1043-A.M.100.H.10 R:0.33475 P:0.35268 F:0.34348
10 ROUGE-1 Eval D1044-A.M.100.H.10 R:0.32068 P:0.32203 F:0.32135
10 ROUGE-1 Eval D1045-A.M.100.H.10 R:0.27165 P:0.30263 F:0.28630
10 ROUGE-1 Eval D1046-A.M.100.H.10 R:0.33858 P:0.32576 F:0.33205
---------------------------------------------
10 ROUGE-2 Average_R: 0.06646 ( 95%-conf.int. 0.05561 - 0.07739)
10 ROUGE-2 Average_P: 0.06974 ( 95%-conf.int. 0.05892 - 0.08015)
10 ROUGE-2 Average_F: 0.06789 ( 95%-conf.int. 0.05707 - 0.07853)
.............................................
10 ROUGE-2 Eval D1001-A.M.100.A.10 R:0.11715 P:0.11290 F:0.11499
10 ROUGE-2 Eval D1002-A.M.100.A.10 R:0.07234 P:0.09239 F:0.08114
10 ROUGE-2 Eval D1003-A.M.100.A.10 R:0.04846 P:0.04741 F:0.04793
10 ROUGE-2 Eval D1004-A.M.100.A.10 R:0.09664 P:0.09274 F:0.09465
10 ROUGE-2 Eval D1005-A.M.100.A.10 R:0.02917 P:0.03889 F:0.03334
10 ROUGE-2 Eval D1006-A.M.100.A.10 R:0.08171 P:0.09722 F:0.08879
10 ROUGE-2 Eval D1007-A.M.100.B.10 R:0.08597 P:0.09135 F:0.08858
10 ROUGE-2 Eval D1008-A.M.100.B.10 R:0.03689 P:0.04787 F:0.04167
10 ROUGE-2 Eval D1009-A.M.100.B.10 R:0.02703 P:0.02778 F:0.02740
10 ROUGE-2 Eval D1010-A.M.100.B.10 R:0.06911 P:0.07328 F:0.07113
10 ROUGE-2 Eval D1011-A.M.100.C.10 R:0.06579 P:0.07212 F:0.06881
10 ROUGE-2 Eval D1012-A.M.100.C.10 R:0.03306 P:0.03279 F:0.03292
10 ROUGE-2 Eval D1013-A.M.100.C.10 R:0.02449 P:0.02830 F:0.02626
10 ROUGE-2 Eval D1014-A.M.100.C.10 R:0.01702 P:0.01639 F:0.01670
10 ROUGE-2 Eval D1015-A.M.100.C.10 R:0.12644 P:0.14224 F:0.13388
10 ROUGE-2 Eval D1016-A.M.100.C.10 R:0.09589 P:0.10294 F:0.09929
10 ROUGE-2 Eval D1017-A.M.100.D.10 R:0.02905 P:0.03500 F:0.03175
10 ROUGE-2 Eval D1018-A.M.100.D.10 R:0.11064 P:0.09701 F:0.10338
10 ROUGE-2 Eval D1019-A.M.100.D.10 R:0.08475 P:0.09615 F:0.09009
10 ROUGE-2 Eval D1020-A.M.100.D.10 R:0.01261 P:0.01316 F:0.01288
10 ROUGE-2 Eval D1021-A.M.100.D.10 R:0.12069 P:0.10448 F:0.11200
10 ROUGE-2 Eval D1022-A.M.100.D.10 R:0.13617 P:0.13115 F:0.13361
10 ROUGE-2 Eval D1023-A.M.100.E.10 R:0.03782 P:0.04245 F:0.04000
10 ROUGE-2 Eval D1024-A.M.100.E.10 R:0.02542 P:0.02885 F:0.02703
10 ROUGE-2 Eval D1025-A.M.100.E.10 R:0.06757 P:0.08523 F:0.07538
10 ROUGE-2 Eval D1026-A.M.100.E.10 R:0.00435 P:0.00446 F:0.00440
10 ROUGE-2 Eval D1027-A.M.100.E.10 R:0.09677 P:0.09524 F:0.09600
10 ROUGE-2 Eval D1028-A.M.100.E.10 R:0.07627 P:0.07627 F:0.07627
10 ROUGE-2 Eval D1029-A.M.100.F.10 R:0.02542 P:0.02419 F:0.02479
10 ROUGE-2 Eval D1030-A.M.100.F.10 R:0.03226 P:0.03774 F:0.03479
10 ROUGE-2 Eval D1031-A.M.100.F.10 R:0.04564 P:0.04297 F:0.04426
10 ROUGE-2 Eval D1032-A.M.100.F.10 R:0.08527 P:0.09649 F:0.09053
10 ROUGE-2 Eval D1033-A.M.100.F.10 R:0.13866 P:0.12692 F:0.13253
10 ROUGE-2 Eval D1034-A.M.100.F.10 R:0.00837 P:0.00909 F:0.00872
10 ROUGE-2 Eval D1035-A.M.100.G.10 R:0.05785 P:0.06364 F:0.06061
10 ROUGE-2 Eval D1036-A.M.100.G.10 R:0.02075 P:0.02273 F:0.02169
10 ROUGE-2 Eval D1037-A.M.100.G.10 R:0.04717 P:0.04630 F:0.04673
10 ROUGE-2 Eval D1038-A.M.100.G.10 R:0.05976 P:0.06944 F:0.06424
10 ROUGE-2 Eval D1039-A.M.100.G.10 R:0.08299 P:0.08475 F:0.08386
10 ROUGE-2 Eval D1040-A.M.100.G.10 R:0.03896 P:0.03879 F:0.03887
10 ROUGE-2 Eval D1041-A.M.100.H.10 R:0.08800 P:0.10185 F:0.09442
10 ROUGE-2 Eval D1042-A.M.100.H.10 R:0.09589 P:0.10096 F:0.09836
10 ROUGE-2 Eval D1043-A.M.100.H.10 R:0.13793 P:0.14545 F:0.14159
10 ROUGE-2 Eval D1044-A.M.100.H.10 R:0.10730 P:0.10776 F:0.10753
10 ROUGE-2 Eval D1045-A.M.100.H.10 R:0.07600 P:0.08482 F:0.08017
10 ROUGE-2 Eval D1046-A.M.100.H.10 R:0.08400 P:0.08077 F:0.08235
---------------------------------------------
10 ROUGE-3 Average_R: 0.02051 ( 95%-conf.int. 0.01488 - 0.02616)
10 ROUGE-3 Average_P: 0.02144 ( 95%-conf.int. 0.01582 - 0.02704)
10 ROUGE-3 Average_F: 0.02090 ( 95%-conf.int. 0.01541 - 0.02647)
.............................................
10 ROUGE-3 Eval D1001-A.M.100.A.10 R:0.04681 P:0.04508 F:0.04593
10 ROUGE-3 Eval D1002-A.M.100.A.10 R:0.03030 P:0.03889 F:0.03406
10 ROUGE-3 Eval D1003-A.M.100.A.10 R:0.00448 P:0.00439 F:0.00443
10 ROUGE-3 Eval D1004-A.M.100.A.10 R:0.01282 P:0.01230 F:0.01255
10 ROUGE-3 Eval D1005-A.M.100.A.10 R:0.00847 P:0.01136 F:0.00970
10 ROUGE-3 Eval D1006-A.M.100.A.10 R:0.03162 P:0.03774 F:0.03441
10 ROUGE-3 Eval D1007-A.M.100.B.10 R:0.01843 P:0.01961 F:0.01900
10 ROUGE-3 Eval D1008-A.M.100.B.10 R:0.00833 P:0.01087 F:0.00943
10 ROUGE-3 Eval D1009-A.M.100.B.10 R:0.00000 P:0.00000 F:0.00000
10 ROUGE-3 Eval D1010-A.M.100.B.10 R:0.02893 P:0.03070 F:0.02979
10 ROUGE-3 Eval D1011-A.M.100.C.10 R:0.02232 P:0.02451 F:0.02336
10 ROUGE-3 Eval D1012-A.M.100.C.10 R:0.00000 P:0.00000 F:0.00000
10 ROUGE-3 Eval D1013-A.M.100.C.10 R:0.00830 P:0.00962 F:0.00891
10 ROUGE-3 Eval D1014-A.M.100.C.10 R:0.00866 P:0.00833 F:0.00849
10 ROUGE-3 Eval D1015-A.M.100.C.10 R:0.05058 P:0.05702 F:0.05361
10 ROUGE-3 Eval D1016-A.M.100.C.10 R:0.03256 P:0.03500 F:0.03374
10 ROUGE-3 Eval D1017-A.M.100.D.10 R:0.00000 P:0.00000 F:0.00000
10 ROUGE-3 Eval D1018-A.M.100.D.10 R:0.06061 P:0.05303 F:0.05657
10 ROUGE-3 Eval D1019-A.M.100.D.10 R:0.02586 P:0.02941 F:0.02752
10 ROUGE-3 Eval D1020-A.M.100.D.10 R:0.00000 P:0.00000 F:0.00000
10 ROUGE-3 Eval D1021-A.M.100.D.10 R:0.04825 P:0.04167 F:0.04472
10 ROUGE-3 Eval D1022-A.M.100.D.10 R:0.05195 P:0.05000 F:0.05096
10 ROUGE-3 Eval D1023-A.M.100.E.10 R:0.00855 P:0.00962 F:0.00905
10 ROUGE-3 Eval D1024-A.M.100.E.10 R:0.00000 P:0.00000 F:0.00000
10 ROUGE-3 Eval D1025-A.M.100.E.10 R:0.03211 P:0.04070 F:0.03590
10 ROUGE-3 Eval D1026-A.M.100.E.10 R:0.00000 P:0.00000 F:0.00000
10 ROUGE-3 Eval D1027-A.M.100.E.10 R:0.00820 P:0.00806 F:0.00813
10 ROUGE-3 Eval D1028-A.M.100.E.10 R:0.03017 P:0.03017 F:0.03017
10 ROUGE-3 Eval D1029-A.M.100.F.10 R:0.00000 P:0.00000 F:0.00000
10 ROUGE-3 Eval D1030-A.M.100.F.10 R:0.00820 P:0.00962 F:0.00885
10 ROUGE-3 Eval D1031-A.M.100.F.10 R:0.00844 P:0.00794 F:0.00818
10 ROUGE-3 Eval D1032-A.M.100.F.10 R:0.02362 P:0.02679 F:0.02511
10 ROUGE-3 Eval D1033-A.M.100.F.10 R:0.07265 P:0.06641 F:0.06939
10 ROUGE-3 Eval D1034-A.M.100.F.10 R:0.00000 P:0.00000 F:0.00000
10 ROUGE-3 Eval D1035-A.M.100.G.10 R:0.00000 P:0.00000 F:0.00000
10 ROUGE-3 Eval D1036-A.M.100.G.10 R:0.00000 P:0.00000 F:0.00000
10 ROUGE-3 Eval D1037-A.M.100.G.10 R:0.00000 P:0.00000 F:0.00000
10 ROUGE-3 Eval D1038-A.M.100.G.10 R:0.02429 P:0.02830 F:0.02614
10 ROUGE-3 Eval D1039-A.M.100.G.10 R:0.02532 P:0.02586 F:0.02559
10 ROUGE-3 Eval D1040-A.M.100.G.10 R:0.00881 P:0.00877 F:0.00879
10 ROUGE-3 Eval D1041-A.M.100.H.10 R:0.02033 P:0.02358 F:0.02183
10 ROUGE-3 Eval D1042-A.M.100.H.10 R:0.03256 P:0.03431 F:0.03341
10 ROUGE-3 Eval D1043-A.M.100.H.10 R:0.04825 P:0.05093 F:0.04955
10 ROUGE-3 Eval D1044-A.M.100.H.10 R:0.05240 P:0.05263 F:0.05251
10 ROUGE-3 Eval D1045-A.M.100.H.10 R:0.02846 P:0.03182 F:0.03005
10 ROUGE-3 Eval D1046-A.M.100.H.10 R:0.01220 P:0.01172 F:0.01196
---------------------------------------------
10 ROUGE-4 Average_R: 0.00748 ( 95%-conf.int. 0.00479 - 0.01039)
10 ROUGE-4 Average_P: 0.00784 ( 95%-conf.int. 0.00513 - 0.01082)
10 ROUGE-4 Average_F: 0.00763 ( 95%-conf.int. 0.00490 - 0.01052)
.............................................
10 ROUGE-4 Eval D1001-A.M.100.A.10 R:0.01732 P:0.01667 F:0.01699
10 ROUGE-4 Eval D1002-A.M.100.A.10 R:0.01762 P:0.02273 F:0.01985
10 ROUGE-4 Eval D1003-A.M.100.A.10 R:0.00000 P:0.00000 F:0.00000
10 ROUGE-4 Eval D1004-A.M.100.A.10 R:0.00000 P:0.00000 F:0.00000
10 ROUGE-4 Eval D1005-A.M.100.A.10 R:0.00000 P:0.00000 F:0.00000
10 ROUGE-4 Eval D1006-A.M.100.A.10 R:0.01606 P:0.01923 F:0.01750
10 ROUGE-4 Eval D1007-A.M.100.B.10 R:0.00939 P:0.01000 F:0.00969
10 ROUGE-4 Eval D1008-A.M.100.B.10 R:0.00000 P:0.00000 F:0.00000
10 ROUGE-4 Eval D1009-A.M.100.B.10 R:0.00000 P:0.00000 F:0.00000
10 ROUGE-4 Eval D1010-A.M.100.B.10 R:0.00000 P:0.00000 F:0.00000
10 ROUGE-4 Eval D1011-A.M.100.C.10 R:0.01818 P:0.02000 F:0.01905
10 ROUGE-4 Eval D1012-A.M.100.C.10 R:0.00000 P:0.00000 F:0.00000
10 ROUGE-4 Eval D1013-A.M.100.C.10 R:0.00000 P:0.00000 F:0.00000
10 ROUGE-4 Eval D1014-A.M.100.C.10 R:0.00000 P:0.00000 F:0.00000
10 ROUGE-4 Eval D1015-A.M.100.C.10 R:0.03162 P:0.03571 F:0.03354
10 ROUGE-4 Eval D1016-A.M.100.C.10 R:0.00948 P:0.01020 F:0.00983
10 ROUGE-4 Eval D1017-A.M.100.D.10 R:0.00000 P:0.00000 F:0.00000
10 ROUGE-4 Eval D1018-A.M.100.D.10 R:0.02643 P:0.02308 F:0.02464
10 ROUGE-4 Eval D1019-A.M.100.D.10 R:0.01316 P:0.01500 F:0.01402
10 ROUGE-4 Eval D1020-A.M.100.D.10 R:0.00000 P:0.00000 F:0.00000
10 ROUGE-4 Eval D1021-A.M.100.D.10 R:0.01786 P:0.01538 F:0.01653
10 ROUGE-4 Eval D1022-A.M.100.D.10 R:0.00441 P:0.00424 F:0.00432
10 ROUGE-4 Eval D1023-A.M.100.E.10 R:0.00435 P:0.00490 F:0.00461
10 ROUGE-4 Eval D1024-A.M.100.E.10 R:0.00000 P:0.00000 F:0.00000
10 ROUGE-4 Eval D1025-A.M.100.E.10 R:0.01402 P:0.01786 F:0.01571
10 ROUGE-4 Eval D1026-A.M.100.E.10 R:0.00000 P:0.00000 F:0.00000
10 ROUGE-4 Eval D1027-A.M.100.E.10 R:0.00000 P:0.00000 F:0.00000
10 ROUGE-4 Eval D1028-A.M.100.E.10 R:0.01316 P:0.01316 F:0.01316
10 ROUGE-4 Eval D1029-A.M.100.F.10 R:0.00000 P:0.00000 F:0.00000
10 ROUGE-4 Eval D1030-A.M.100.F.10 R:0.00000 P:0.00000 F:0.00000
10 ROUGE-4 Eval D1031-A.M.100.F.10 R:0.00000 P:0.00000 F:0.00000
10 ROUGE-4 Eval D1032-A.M.100.F.10 R:0.00000 P:0.00000 F:0.00000
10 ROUGE-4 Eval D1033-A.M.100.F.10 R:0.03913 P:0.03571 F:0.03734
10 ROUGE-4 Eval D1034-A.M.100.F.10 R:0.00000 P:0.00000 F:0.00000
10 ROUGE-4 Eval D1035-A.M.100.G.10 R:0.00000 P:0.00000 F:0.00000
10 ROUGE-4 Eval D1036-A.M.100.G.10 R:0.00000 P:0.00000 F:0.00000
10 ROUGE-4 Eval D1037-A.M.100.G.10 R:0.00000 P:0.00000 F:0.00000
10 ROUGE-4 Eval D1038-A.M.100.G.10 R:0.00823 P:0.00962 F:0.00887
10 ROUGE-4 Eval D1039-A.M.100.G.10 R:0.00858 P:0.00877 F:0.00867
10 ROUGE-4 Eval D1040-A.M.100.G.10 R:0.00448 P:0.00446 F:0.00447
10 ROUGE-4 Eval D1041-A.M.100.H.10 R:0.00413 P:0.00481 F:0.00444
10 ROUGE-4 Eval D1042-A.M.100.H.10 R:0.01422 P:0.01500 F:0.01460
10 ROUGE-4 Eval D1043-A.M.100.H.10 R:0.01786 P:0.01887 F:0.01835
10 ROUGE-4 Eval D1044-A.M.100.H.10 R:0.02222 P:0.02232 F:0.02227
10 ROUGE-4 Eval D1045-A.M.100.H.10 R:0.00826 P:0.00926 F:0.00873
10 ROUGE-4 Eval D1046-A.M.100.H.10 R:0.00413 P:0.00397 F:0.00405
