000 (103098.000.000) 05/08 00:39:36 Job submitted from host: <192.168.100.50:9618?addrs=192.168.100.50-9618&noUDP&sock=3614359_3915_3>
...
001 (103098.000.000) 05/08 00:39:50 Job executing on host: <192.168.100.52:9618?addrs=192.168.100.52-9618&noUDP&sock=4536_e5ae_4>
...
006 (103098.000.000) 05/08 00:39:53 Image size of job updated: 1
	0  -  MemoryUsage of job (MB)
	0  -  ResidentSetSize of job (KB)
...
005 (103098.000.000) 05/08 00:39:53 Job terminated.
	(1) Normal termination (return value 0)
		Usr 0 00:00:02, Sys 0 00:00:00  -  Run Remote Usage
		Usr 0 00:00:00, Sys 0 00:00:00  -  Run Local Usage
		Usr 0 00:00:02, Sys 0 00:00:00  -  Total Remote Usage
		Usr 0 00:00:00, Sys 0 00:00:00  -  Total Local Usage
	0  -  Run Bytes Sent By Job
	0  -  Run Bytes Received By Job
	0  -  Total Bytes Sent By Job
	0  -  Total Bytes Received By Job
	Partitionable Resources :    Usage  Request Allocated
	   Cpus                 :                 1         1
	   Disk (KB)            :        1        1    604438
	   Memory (MB)          :        0     2048      2048
...
000 (103099.000.000) 05/08 00:45:22 Job submitted from host: <192.168.100.50:9618?addrs=192.168.100.50-9618&noUDP&sock=3614359_3915_3>
...
001 (103099.000.000) 05/08 00:45:40 Job executing on host: <192.168.100.69:9618?addrs=192.168.100.69-9618&noUDP&sock=1076_9ffe_4>
...
006 (103099.000.000) 05/08 00:45:49 Image size of job updated: 112064
	109  -  MemoryUsage of job (MB)
	110940  -  ResidentSetSize of job (KB)
...
006 (103099.000.000) 05/08 00:50:50 Image size of job updated: 129780
	126  -  MemoryUsage of job (MB)
	128656  -  ResidentSetSize of job (KB)
...
005 (103099.000.000) 05/08 00:51:49 Job terminated.
	(1) Normal termination (return value 0)
		Usr 0 00:05:38, Sys 0 00:00:20  -  Run Remote Usage
		Usr 0 00:00:00, Sys 0 00:00:00  -  Run Local Usage
		Usr 0 00:05:38, Sys 0 00:00:20  -  Total Remote Usage
		Usr 0 00:00:00, Sys 0 00:00:00  -  Total Local Usage
	0  -  Run Bytes Sent By Job
	0  -  Run Bytes Received By Job
	0  -  Total Bytes Sent By Job
	0  -  Total Bytes Received By Job
	Partitionable Resources :    Usage  Request Allocated
	   Cpus                 :                 1         1
	   Disk (KB)            :        1        1   4593522
	   Memory (MB)          :      126     2048      2048
...
